[[1;34mINFO[m] Scanning for projects...
[[1;34mINFO[m] 
[[1;34mINFO[m] [1m------------------< [0;36morg.example:java-reachable-goof[0;1m >-------------------[m
[[1;34mINFO[m] [1mBuilding java-reachable-goof 1.0-SNAPSHOT[m
[[1;34mINFO[m] [1m--------------------------------[ jar ]---------------------------------[m
[[1;34mINFO[m] 
[[1;34mINFO[m] [1m--- [0;32mmaven-resources-plugin:2.6:resources[m [1m(default-resources)[m @ [36mjava-reachable-goof[0;1m ---[m
[[1;33mWARNING[m] Using platform encoding (UTF-8 actually) to copy filtered resources, i.e. build is platform dependent!
[[1;34mINFO[m] skip non existing resourceDirectory /home/vboxuser/cis4615-hw04/java-reachability-playground/src/main/resources
[[1;34mINFO[m] 
[[1;34mINFO[m] [1m--- [0;32mmaven-compiler-plugin:3.1:compile[m [1m(default-compile)[m @ [36mjava-reachable-goof[0;1m ---[m
[[1;34mINFO[m] Nothing to compile - all classes are up to date
[[1;34mINFO[m] 
[[1;34mINFO[m] [1m--- [0;32mmaven-resources-plugin:2.6:testResources[m [1m(default-testResources)[m @ [36mjava-reachable-goof[0;1m ---[m
[[1;33mWARNING[m] Using platform encoding (UTF-8 actually) to copy filtered resources, i.e. build is platform dependent!
[[1;34mINFO[m] skip non existing resourceDirectory /home/vboxuser/cis4615-hw04/java-reachability-playground/src/test/resources
[[1;34mINFO[m] 
[[1;34mINFO[m] [1m--- [0;32mmaven-compiler-plugin:3.1:testCompile[m [1m(default-testCompile)[m @ [36mjava-reachable-goof[0;1m ---[m
[[1;34mINFO[m] No sources to compile
[[1;34mINFO[m] 
[[1;34mINFO[m] [1m--- [0;32mmaven-surefire-plugin:2.12.4:test[m [1m(default-test)[m @ [36mjava-reachable-goof[0;1m ---[m
[[1;34mINFO[m] No tests to run.
[[1;34mINFO[m] 
[[1;34mINFO[m] [1m--- [0;32mmaven-jar-plugin:2.4:jar[m [1m(default-jar)[m @ [36mjava-reachable-goof[0;1m ---[m
[[1;34mINFO[m] 
[[1;34mINFO[m] [1m--- [0;32mmaven-install-plugin:2.4:install[m [1m(default-install)[m @ [36mjava-reachable-goof[0;1m ---[m
[[1;34mINFO[m] Installing /home/vboxuser/cis4615-hw04/java-reachability-playground/target/java-reachable-goof-1.0-SNAPSHOT.jar to /home/vboxuser/.m2/repository/org/example/java-reachable-goof/1.0-SNAPSHOT/java-reachable-goof-1.0-SNAPSHOT.jar
[[1;34mINFO[m] Installing /home/vboxuser/cis4615-hw04/java-reachability-playground/pom.xml to /home/vboxuser/.m2/repository/org/example/java-reachable-goof/1.0-SNAPSHOT/java-reachable-goof-1.0-SNAPSHOT.pom
[[1;34mINFO[m] [1m------------------------------------------------------------------------[m
[[1;34mINFO[m] [1;32mBUILD SUCCESS[m
[[1;34mINFO[m] [1m------------------------------------------------------------------------[m
[[1;34mINFO[m] Total time:  3.316 s
[[1;34mINFO[m] Finished at: 2023-11-19T19:03:25-05:00
[[1;34mINFO[m] [1m------------------------------------------------------------------------[m
